[debug] [2026-01-25T19:05:55.196Z] ----------------------------------------------------------------------
[debug] [2026-01-25T19:05:55.199Z] Command:       C:\Program Files\nodejs\node.exe C:\Users\chaim\AppData\Roaming\npm\node_modules\firebase-tools\lib\bin\firebase.js init hosting
[debug] [2026-01-25T19:05:55.199Z] CLI Version:   15.4.0
[debug] [2026-01-25T19:05:55.199Z] Platform:      win32
[debug] [2026-01-25T19:05:55.200Z] Node Version:  v20.18.0
[debug] [2026-01-25T19:05:55.200Z] Time:          Sun Jan 25 2026 14:05:55 GMT-0500 (Eastern Standard Time)
[debug] [2026-01-25T19:05:55.200Z] ----------------------------------------------------------------------
[debug] 
[info] 
     ######## #### ########  ######## ########     ###     ######  ########
     ##        ##  ##     ## ##       ##     ##  ##   ##  ##       ##
     ######    ##  ########  ######   ########  #########  ######  ######
     ##        ##  ##    ##  ##       ##     ## ##     ##       ## ##
     ##       #### ##     ## ######## ########  ##     ##  ######  ########

You're about to initialize a Firebase project in this directory:

  C:\Users\chaim\computer-spy-ai

Before we get started, keep in mind:

  * You are initializing within an existing Firebase project directory

[info] 
=== Project Setup
[info] 
[info] First, let's associate this project directory with a Firebase project.
[info] You can create multiple project aliases by running firebase use --add, 
[info] 
[debug] [2026-01-25T22:03:37.165Z] > command requires scopes: ["email","openid","https://www.googleapis.com/auth/cloudplatformprojects.readonly","https://www.googleapis.com/auth/firebase","https://www.googleapis.com/auth/cloud-platform"]
[debug] [2026-01-25T22:03:37.169Z] > authorizing via signed-in user (chaimgelber23@gmail.com)
[debug] [2026-01-25T22:03:37.180Z] Checked if tokens are valid: false, expires at: 1769356043474
[debug] [2026-01-25T22:03:37.181Z] Checked if tokens are valid: false, expires at: 1769356043474
[debug] [2026-01-25T22:03:37.181Z] > refreshing access token with scopes: []
[debug] [2026-01-25T22:03:37.197Z] >>> [apiv2][query] POST https://www.googleapis.com/oauth2/v3/token [none]
[debug] [2026-01-25T22:03:37.197Z] >>> [apiv2][body] POST https://www.googleapis.com/oauth2/v3/token [omitted]
[debug] [2026-01-25T22:03:37.385Z] <<< [apiv2][status] POST https://www.googleapis.com/oauth2/v3/token 200
[debug] [2026-01-25T22:03:37.385Z] <<< [apiv2][body] POST https://www.googleapis.com/oauth2/v3/token [omitted]
[debug] [2026-01-25T22:03:37.398Z] >>> [apiv2][query] GET https://firebase.googleapis.com/v1beta1/projects/computer-spy-ai [none]
[debug] [2026-01-25T22:03:37.619Z] <<< [apiv2][status] GET https://firebase.googleapis.com/v1beta1/projects/computer-spy-ai 200
[debug] [2026-01-25T22:03:37.619Z] <<< [apiv2][body] GET https://firebase.googleapis.com/v1beta1/projects/computer-spy-ai {"projectId":"computer-spy-ai","projectNumber":"253176543219","displayName":"Computer Spy AI","name":"projects/computer-spy-ai","resources":{"hostingSite":"computer-spy-ai"},"state":"ACTIVE","etag":"1_e5e98fae-6665-4f65-b4ad-702fa586b9ff"}
[info] i  Using project computer-spy-ai (Computer Spy AI) . 
[info] 
=== Hosting Setup
[debug] [2026-01-25T22:03:37.627Z] Checked if tokens are valid: true, expires at: 1769382216386
[debug] [2026-01-25T22:03:37.627Z] Checked if tokens are valid: true, expires at: 1769382216386
[debug] [2026-01-25T22:03:37.628Z] >>> [apiv2][query] GET https://firebase.googleapis.com/v1beta1/projects/computer-spy-ai [none]
[debug] [2026-01-25T22:03:37.788Z] <<< [apiv2][status] GET https://firebase.googleapis.com/v1beta1/projects/computer-spy-ai 200
[debug] [2026-01-25T22:03:37.789Z] <<< [apiv2][body] GET https://firebase.googleapis.com/v1beta1/projects/computer-spy-ai {"projectId":"computer-spy-ai","projectNumber":"253176543219","displayName":"Computer Spy AI","name":"projects/computer-spy-ai","resources":{"hostingSite":"computer-spy-ai"},"state":"ACTIVE","etag":"1_e5e98fae-6665-4f65-b4ad-702fa586b9ff"}
